<?xml version="1.0" encoding="UTF-8"?>
<!-- Generated by org.testng.reporters.JUnitReportReporter -->
<testsuite hostname="DESKTOP-LAFM9KP" failures="0" tests="5" name="TestNg.Priority_Invocation_Enabled" time="0.034" errors="0" timestamp="2023-10-05T00:21:59 GST" skipped="1">
  <testcase classname="TestNg.Priority_Invocation_Enabled" name="demo2" time="0.002"/>
  <system-out/>
  <testcase classname="TestNg.Priority_Invocation_Enabled" name="demo2" time="0.011"/>
  <system-out/>
  <testcase classname="TestNg.Priority_Invocation_Enabled" name="demo2" time="0.017"/>
  <system-out/>
  <testcase classname="TestNg.Priority_Invocation_Enabled" name="demo1" time="0.004"/>
  <system-out/>
  <testcase classname="TestNg.Priority_Invocation_Enabled" name="demo3">
    <skipped/>
  </testcase> <!-- demo3 -->
  <system-out/>
</testsuite> <!-- TestNg.Priority_Invocation_Enabled -->
