<?xml version="1.0" encoding="UTF-8"?>
<!-- Generated by org.testng.reporters.JUnitReportReporter -->
<testsuite hostname="DESKTOP-LAFM9KP" failures="0" tests="1" name="TestNG_Group.sample2" time="0.003" errors="0" timestamp="2023-10-05T18:57:13 GST" skipped="0">
  <testcase classname="TestNG_Group.sample2" name="demo5" time="0.003"/>
  <system-out/>
</testsuite> <!-- TestNG_Group.sample2 -->
