<?xml version="1.0" encoding="UTF-8"?>
<!-- Generated by org.testng.reporters.JUnitReportReporter -->
<testsuite hostname="DESKTOP-LAFM9KP" failures="0" tests="1" name="TestNG_Sequential.Facebook" time="7.297" errors="0" timestamp="2023-10-05T00:43:08 GST" skipped="0">
  <testcase classname="TestNG_Sequential.Facebook" name="fb" time="7.297"/>
  <system-out/>
</testsuite> <!-- TestNG_Sequential.Facebook -->
