<?xml version="1.0" encoding="UTF-8"?>
<!-- Generated by org.testng.reporters.JUnitReportReporter -->
<testsuite hostname="DESKTOP-LAFM9KP" failures="0" tests="1" name="TestNGParallel.facebook" time="30.570" errors="0" timestamp="2023-10-05T18:10:28 GST" skipped="0">
  <testcase classname="TestNGParallel.facebook" name="fb" time="30.570"/>
  <system-out/>
</testsuite> <!-- TestNGParallel.facebook -->
