<?xml version="1.0" encoding="UTF-8"?>
<!-- Generated by org.testng.reporters.JUnitReportReporter -->
<testsuite hostname="DESKTOP-LAFM9KP" failures="0" tests="2" name="TestNG_Group.sample1" time="0.143" errors="0" timestamp="2023-10-05T18:57:13 GST" skipped="0">
  <testcase classname="TestNG_Group.sample1" name="demo3" time="0.026"/>
  <system-out/>
  <testcase classname="TestNG_Group.sample1" name="demo1" time="0.117"/>
  <system-out/>
</testsuite> <!-- TestNG_Group.sample1 -->
