<?xml version="1.0" encoding="UTF-8"?>
<!-- Generated by org.testng.reporters.JUnitReportReporter -->
<testsuite hostname="DESKTOP-LAFM9KP" failures="0" tests="1" name="TestNG_Sequential.Amazon" time="7.785" errors="0" timestamp="2023-10-05T00:43:08 GST" skipped="0">
  <testcase classname="TestNG_Sequential.Amazon" name="amz" time="7.785"/>
  <system-out/>
</testsuite> <!-- TestNG_Sequential.Amazon -->
