<?xml version="1.0" encoding="UTF-8"?>
<!-- Generated by org.testng.reporters.JUnitReportReporter -->
<testsuite hostname="DESKTOP-LAFM9KP" failures="0" tests="1" name="TestNg_Failing.Snapdeal" time="9.197" errors="0" timestamp="2023-10-07T17:31:59 GST" skipped="0">
  <testcase classname="TestNg_Failing.Snapdeal" name="snap" time="9.197"/>
  <system-out/>
</testsuite> <!-- TestNg_Failing.Snapdeal -->
