<?xml version="1.0" encoding="UTF-8"?>
<!-- Generated by org.testng.reporters.JUnitReportReporter -->
<testsuite hostname="DESKTOP-LAFM9KP" failures="0" tests="2" name="TestNg.Assertions" time="17.445" errors="0" timestamp="2023-10-05T19:21:35 GST" skipped="0">
  <testcase classname="TestNg.Assertions" name="fb" time="16.295"/>
  <system-out/>
  <testcase classname="TestNg.Assertions" name="quiting" time="1.150"/>
  <system-out/>
</testsuite> <!-- TestNg.Assertions -->
