<?xml version="1.0" encoding="UTF-8"?>
<!-- Generated by org.testng.reporters.JUnitReportReporter -->
<testsuite hostname="DESKTOP-LAFM9KP" failures="0" tests="3" name="TestNg.Annotations" time="54.520" errors="0" timestamp="2023-10-06T18:06:01 GST" skipped="0">
  <testcase classname="TestNg.Annotations" name="snapdeal" time="20.798"/>
  <system-out/>
  <testcase classname="TestNg.Annotations" name="amazon" time="19.585"/>
  <system-out/>
  <testcase classname="TestNg.Annotations" name="facebook" time="14.137"/>
  <system-out/>
</testsuite> <!-- TestNg.Annotations -->
