<?xml version="1.0" encoding="UTF-8"?>
<!-- Generated by org.testng.reporters.JUnitReportReporter -->
<testsuite hostname="DESKTOP-LAFM9KP" failures="0" tests="2" name="TestNGParallel.facebook_Compatability" time="53.462" errors="0" timestamp="2023-10-05T18:46:37 GST" skipped="0">
  <testcase classname="TestNGParallel.facebook_Compatability" name="fbc" time="27.596"/>
  <system-out/>
  <testcase classname="TestNGParallel.facebook_Compatability" name="fbc" time="25.866"/>
  <system-out/>
</testsuite> <!-- TestNGParallel.facebook_Compatability -->
